{"/Users/zhangyue/Desktop/ui-component-library-template/src/components/Alert/Alert.tsx": {"path":"/Users/zhangyue/Desktop/ui-component-library-template/src/components/Alert/Alert.tsx","statementMap":{"0":{"start":{"line":8,"column":36},"end":{"line":22,"column":1}},"1":{"start":{"line":11,"column":6},"end":{"line":11,"column":11}},"2":{"start":{"line":13,"column":2},"end":{"line":21,"column":4}}},"fnMap":{"0":{"name":"(anonymous_0)","decl":{"start":{"line":8,"column":36},"end":{"line":8,"column":37}},"loc":{"start":{"line":8,"column":47},"end":{"line":22,"column":1}},"line":8}},"branchMap":{},"s":{"0":1,"1":2,"2":2},"f":{"0":2},"b":{},"_coverageSchema":"1a1c01bbd47fc00a2c39e90264f33305004495a9","hash":"6d02ca349060218d3ec70ea35ec6540543bf553d"}
,"/Users/zhangyue/Desktop/ui-component-library-template/src/components/Button/Button.tsx": {"path":"/Users/zhangyue/Desktop/ui-component-library-template/src/components/Button/Button.tsx","statementMap":{"0":{"start":{"line":11,"column":38},"end":{"line":32,"column":1}},"1":{"start":{"line":15,"column":6},"end":{"line":15,"column":11}},"2":{"start":{"line":17,"column":22},"end":{"line":19,"column":3}},"3":{"start":{"line":18,"column":4},"end":{"line":18,"column":19}},"4":{"start":{"line":21,"column":2},"end":{"line":31,"column":4}}},"fnMap":{"0":{"name":"(anonymous_0)","decl":{"start":{"line":11,"column":38},"end":{"line":11,"column":39}},"loc":{"start":{"line":11,"column":49},"end":{"line":32,"column":1}},"line":11},"1":{"name":"(anonymous_1)","decl":{"start":{"line":17,"column":22},"end":{"line":17,"column":23}},"loc":{"start":{"line":17,"column":85},"end":{"line":19,"column":3}},"line":17}},"branchMap":{"0":{"loc":{"start":{"line":13,"column":4},"end":{"line":13,"column":18}},"type":"default-arg","locations":[{"start":{"line":13,"column":14},"end":{"line":13,"column":18}}],"line":13}},"s":{"0":1,"1":4,"2":4,"3":1,"4":4},"f":{"0":4,"1":1},"b":{"0":[3]},"_coverageSchema":"1a1c01bbd47fc00a2c39e90264f33305004495a9","hash":"869d8f38c29b986ed47b0eedefb0025a8e68b945"}
,"/Users/zhangyue/Desktop/ui-component-library-template/src/utils/noop.ts": {"path":"/Users/zhangyue/Desktop/ui-component-library-template/src/utils/noop.ts","statementMap":{"0":{"start":{"line":1,"column":13},"end":{"line":1,"column":27}}},"fnMap":{"0":{"name":"(anonymous_0)","decl":{"start":{"line":1,"column":13},"end":{"line":1,"column":14}},"loc":{"start":{"line":1,"column":25},"end":{"line":1,"column":27}},"line":1}},"branchMap":{},"s":{"0":2},"f":{"0":1},"b":{},"_coverageSchema":"1a1c01bbd47fc00a2c39e90264f33305004495a9","hash":"4ab08c96fc4fa83cad799d0efae0a497c1979a2d"}
}
